[33mГ”ГҳВ»[39m Building...
[32mГ”ВЈГ¶[39m Building...
Application bundle generation failed. [1.436 seconds]

X [ERROR] NG5002: Opening tag "button" not terminated. [plugin angular-compiler]

    src/app/components/dashboard/dashboard.component.ts:96:10:
      96 Г”Г¶Г©           <button (click)="setTab('OFFER')"
         Г”ГІГҒ           ~~~~~~~~~~~~~~~~~~~~~~~~~~~~~~~~~


X [ERROR] NG5002: Unexpected closing tag "button". It may happen when the tag has already been closed by another tag. For more info see https://www.w3.org/TR/html5/syntax.html#closing-elements-that-have-implied-end-tags [plugin angular-compiler]

    src/app/components/dashboard/dashboard.component.ts:102:10:
      102 Г”Г¶Г©           </button>
          Г”ГІГҒ           ~~~~~~~~~


X [ERROR] NG5002: Opening tag "button" not terminated. [plugin angular-compiler]

    src/app/components/dashboard/dashboard.component.ts:103:10:
      103 Г”Г¶Г©           <button (click)="setTab('REQUEST')"
          Г”ГІГҒ           ~~~~~~~~~~~~~~~~~~~~~~~~~~~~~~~~~~~


X [ERROR] NG5002: Unexpected closing tag "button". It may happen when the tag has already been closed by another tag. For more info see https://www.w3.org/TR/html5/syntax.html#closing-elements-that-have-implied-end-tags [plugin angular-compiler]

    src/app/components/dashboard/dashboard.component.ts:109:10:
      109 Г”Г¶Г©           </button>
          Г”ГІГҒ           ~~~~~~~~~


X [ERROR] NG5002: Opening tag "div" not terminated. [plugin angular-compiler]

    src/app/components/dashboard/dashboard.component.ts:234:18:
      234 Г”Г¶Г© ...          <div class="max-w-[75%] px-4 py-3 rounded-2xl text-s...
          Г”ГІГҒ              ~~~~~~~~~~~~~~~~~~~~~~~~~~~~~~~~~~~~~~~~~~~~~~~~~~~~


X [ERROR] NG5002: Unexpected closing tag "div". It may happen when the tag has already been closed by another tag. For more info see https://www.w3.org/TR/html5/syntax.html#closing-elements-that-have-implied-end-tags [plugin angular-compiler]

    src/app/components/dashboard/dashboard.component.ts:240:16:
      240 Г”Г¶Г©                 </div>
          Г”ГІГҒ                 ~~~~~~


X [ERROR] NG5002: Unexpected closing block. The block may have been closed earlier. If you meant to write the } character, you should use the "&#125;" HTML entity instead. [plugin angular-compiler]

    src/app/components/dashboard/dashboard.component.ts:241:14:
      241 Г”Г¶Г©               }
          Г”ГІГҒ               ^


X [ERROR] NG5002: Unexpected closing tag "div". It may happen when the tag has already been closed by another tag. For more info see https://www.w3.org/TR/html5/syntax.html#closing-elements-that-have-implied-end-tags [plugin angular-compiler]

    src/app/components/dashboard/dashboard.component.ts:259:10:
      259 Г”Г¶Г©           </div>
          Г”ГІГҒ           ~~~~~~


X [ERROR] NG5002: Unexpected closing tag "div". It may happen when the tag has already been closed by another tag. For more info see https://www.w3.org/TR/html5/syntax.html#closing-elements-that-have-implied-end-tags [plugin angular-compiler]

    src/app/components/dashboard/dashboard.component.ts:260:8:
      260 Г”Г¶Г©         </div>
          Г”ГІГҒ         ~~~~~~


X [ERROR] NG5002: Unexpected closing block. The block may have been closed earlier. If you meant to write the } character, you should use the "&#125;" HTML entity instead. [plugin angular-compiler]

    src/app/components/dashboard/dashboard.component.ts:261:6:
      261 Г”Г¶Г©       }
          Г”ГІГҒ       ^


X [ERROR] NG5002: Unexpected closing tag "div". It may happen when the tag has already been closed by another tag. For more info see https://www.w3.org/TR/html5/syntax.html#closing-elements-that-have-implied-end-tags [plugin angular-compiler]

    src/app/components/dashboard/dashboard.component.ts:262:4:
      262 Г”Г¶Г©     </div>
          Г”ГІГҒ     ~~~~~~


